<?xml version="1.0" encoding="UTF-8"?>
<!-- Generated by org.testng.reporters.JUnitReportReporter -->
<testsuite hostname="DESKTOP-8ADKKCK" failures="0" tests="2" name="pac1.ContactTest" time="0.032" errors="0" timestamp="2024-10-14T16:06:36 IST" skipped="0">
  <testcase classname="pac1.ContactTest" name="modifyContactTest" time="0.005"/>
  <system-out/>
  <testcase classname="pac1.ContactTest" name="createContactTest" time="0.027"/>
  <system-out/>
</testsuite> <!-- pac1.ContactTest -->
